Using pre-set license
Built from '2020.3/staging' branch; Version is '2020.3.17f1 (a4537701e4ab) revision 10769271'; Using compiler version '192528614'; Build Type 'Release'
OS: 'Windows 10 Home; OS build 22000.434; Version 2009; 64bit' Language: 'de' Physical Memory: 16225 MB
BatchMode: 1, IsHumanControllingUs: 0, StartBugReporterOnCrash: 0, Is64bit: 1, IsPro: 0

COMMAND LINE ARGUMENTS:
C:\Program Files\Unity\Hub\Editor\2020.3.17f1\Editor\Unity.exe
-adb2
-batchMode
-noUpm
-name
AssetImportWorker0
-projectPath
C:/Users/Marius/Desktop/Development/2D Dungeongenerator 0.1.3
-logFile
Logs/AssetImportWorker0.log
-srvPort
56880
Successfully changed project path to: C:/Users/Marius/Desktop/Development/2D Dungeongenerator 0.1.3
C:/Users/Marius/Desktop/Development/2D Dungeongenerator 0.1.3
Using Asset Import Pipeline V2.
Refreshing native plugins compatible for Editor in 41.57 ms, found 3 plugins.
Preloading 0 native plugins for Editor in 0.00 ms.
Initialize engine version: 2020.3.17f1 (a4537701e4ab)
[Subsystems] Discovering subsystems at path C:/Program Files/Unity/Hub/Editor/2020.3.17f1/Editor/Data/Resources/UnitySubsystems
[Subsystems] Discovering subsystems at path C:/Users/Marius/Desktop/Development/2D Dungeongenerator 0.1.3/Assets
GfxDevice: creating device client; threaded=0
Direct3D:
    Version:  Direct3D 11.0 [level 11.1]
    Renderer: NVIDIA GeForce GTX 1660 Ti (ID=0x2191)
    Vendor:   
    VRAM:     5991 MB
    Driver:   25.21.14.1777
Initialize mono
Mono path[0] = 'C:/Program Files/Unity/Hub/Editor/2020.3.17f1/Editor/Data/Managed'
Mono path[1] = 'C:/Program Files/Unity/Hub/Editor/2020.3.17f1/Editor/Data/MonoBleedingEdge/lib/mono/unityjit'
Mono config path = 'C:/Program Files/Unity/Hub/Editor/2020.3.17f1/Editor/Data/MonoBleedingEdge/etc'
Using monoOptions --debugger-agent=transport=dt_socket,embedding=1,server=y,suspend=n,address=127.0.0.1:56488
Begin MonoManager ReloadAssembly
Registering precompiled unity dll's ...
Register platform support module: C:/Program Files/Unity/Hub/Editor/2020.3.17f1/Editor/Data/PlaybackEngines/WebGLSupport/UnityEditor.WebGL.Extensions.dll
Register platform support module: C:/Program Files/Unity/Hub/Editor/2020.3.17f1/Editor/Data/PlaybackEngines/WindowsStandaloneSupport/UnityEditor.WindowsStandalone.Extensions.dll
Registered in 0.001809 seconds.
Native extension for WindowsStandalone target not found
Native extension for WebGL target not found
Refreshing native plugins compatible for Editor in 38.31 ms, found 3 plugins.
Preloading 0 native plugins for Editor in 0.00 ms.
Mono: successfully reloaded assembly
- Completed reload, in  1.146 seconds
Domain Reload Profiling:
	ReloadAssembly (1146ms)
		BeginReloadAssembly (46ms)
			ExecutionOrderSort (0ms)
			DisableScriptedObjects (0ms)
			BackupInstance (0ms)
			ReleaseScriptingObjects (0ms)
			CreateAndSetChildDomain (1ms)
		EndReloadAssembly (376ms)
			LoadAssemblies (45ms)
			RebuildTransferFunctionScriptingTraits (0ms)
			SetupTypeCache (134ms)
			ReleaseScriptCaches (0ms)
			RebuildScriptCaches (28ms)
			SetupLoadedEditorAssemblies (152ms)
				LogAssemblyErrors (0ms)
				InitializePlatformSupportModulesInManaged (4ms)
				SetLoadedEditorAssemblies (0ms)
				RefreshPlugins (38ms)
				BeforeProcessingInitializeOnLoad (14ms)
				ProcessInitializeOnLoadAttributes (70ms)
				ProcessInitializeOnLoadMethodAttributes (25ms)
				AfterProcessingInitializeOnLoad (0ms)
				EditorAssembliesLoaded (0ms)
			ExecutionOrderSort2 (0ms)
			AwakeInstancesAfterBackupRestoration (0ms)
Platform modules already initialized, skipping
Registering precompiled user dll's ...
Registered in 0.003639 seconds.
Begin MonoManager ReloadAssembly
Native extension for WindowsStandalone target not found
Native extension for WebGL target not found
Refreshing native plugins compatible for Editor in 37.83 ms, found 3 plugins.
Preloading 0 native plugins for Editor in 0.00 ms.
Mono: successfully reloaded assembly
- Completed reload, in  1.054 seconds
Domain Reload Profiling:
	ReloadAssembly (1055ms)
		BeginReloadAssembly (129ms)
			ExecutionOrderSort (0ms)
			DisableScriptedObjects (4ms)
			BackupInstance (0ms)
			ReleaseScriptingObjects (0ms)
			CreateAndSetChildDomain (17ms)
		EndReloadAssembly (871ms)
			LoadAssemblies (77ms)
			RebuildTransferFunctionScriptingTraits (0ms)
			SetupTypeCache (265ms)
			ReleaseScriptCaches (0ms)
			RebuildScriptCaches (41ms)
			SetupLoadedEditorAssemblies (374ms)
				LogAssemblyErrors (0ms)
				InitializePlatformSupportModulesInManaged (4ms)
				SetLoadedEditorAssemblies (0ms)
				RefreshPlugins (38ms)
				BeforeProcessingInitializeOnLoad (70ms)
				ProcessInitializeOnLoadAttributes (246ms)
				ProcessInitializeOnLoadMethodAttributes (12ms)
				AfterProcessingInitializeOnLoad (4ms)
				EditorAssembliesLoaded (0ms)
			ExecutionOrderSort2 (0ms)
			AwakeInstancesAfterBackupRestoration (6ms)
Platform modules already initialized, skipping
========================================================================
Worker process is ready to serve import requests
Launched and connected shader compiler UnityShaderCompiler.exe after 0.06 seconds
Refreshing native plugins compatible for Editor in 0.45 ms, found 3 plugins.
Preloading 0 native plugins for Editor in 0.00 ms.
Unloading 2093 Unused Serialized files (Serialized files now loaded: 0)
System memory in use before: 93.2 MB.
System memory in use after: 93.3 MB.

Unloading 28 unused Assets to reduce memory usage. Loaded Objects now: 2531.
Total: 2.899500 ms (FindLiveObjects: 0.159300 ms CreateObjectMapping: 0.061900 ms MarkObjects: 2.618700 ms  DeleteObjects: 0.058600 ms)

AssetImportParameters requested are different than current active one (requested -> active):
  custom:framework-win-MediaFoundation: 216162199b28c13a410421893ffa2e32 -> 
  custom:video-decoder-ogg-theora: a1e56fd34408186e4bbccfd4996cb3dc -> 
  custom:container-muxer-webm: aa71ff27fc2769a1b78a27578f13a17b -> 
  custom:container-demuxer-webm: 4f35f7cbe854078d1ac9338744f61a02 -> 
  custom:container-demuxer-ogg: 62fdf1f143b41e24485cea50d1cbac27 -> 
  custom:video-encoder-webm-vp8: eb34c28f22e8b96e1ab97ce403110664 -> 
  custom:video-decoder-webm-vp8: 9c59270c3fd7afecdb556c50c9e8de78 -> 
  custom:audio-decoder-ogg-vorbis: bf7c407c2cedff20999df2af8eb42d56 -> 
  custom:audio-encoder-webm-vorbis: bf7c407c2cedff20999df2af8eb42d56 -> 
========================================================================
Received Import Request.
  path: Assets/Scenes
  artifactKey: Guid(9df8caee7ae1adf4080d61362377dc04) Importer(815301076,1909f56bfc062723c751e8b465ee728b)
Start importing Assets/Scenes using Guid(9df8caee7ae1adf4080d61362377dc04) Importer(815301076,1909f56bfc062723c751e8b465ee728b)  -> (artifact id: 'ba8c87c87211802a29cc7ead9a0f256e') in 0.009642 seconds 
  Import took 0.012326 seconds .

========================================================================
Received Import Request.
  Time since last request: 90.649210 seconds.
  path: Assets/Scripts
  artifactKey: Guid(611a1f4c934804943b242dcaf551c463) Importer(815301076,1909f56bfc062723c751e8b465ee728b)
Start importing Assets/Scripts using Guid(611a1f4c934804943b242dcaf551c463) Importer(815301076,1909f56bfc062723c751e8b465ee728b)  -> (artifact id: 'f76a4cc6b16e05d2d8b36e998f83f40a') in 0.008833 seconds 
  Import took 0.011752 seconds .

========================================================================
Received Prepare
Registering precompiled user dll's ...
Registered in 0.004799 seconds.
Begin MonoManager ReloadAssembly
Native extension for WindowsStandalone target not found
Native extension for WebGL target not found
Refreshing native plugins compatible for Editor in 0.43 ms, found 3 plugins.
Preloading 0 native plugins for Editor in 0.00 ms.
Mono: successfully reloaded assembly
- Completed reload, in  0.993 seconds
Domain Reload Profiling:
	ReloadAssembly (994ms)
		BeginReloadAssembly (114ms)
			ExecutionOrderSort (0ms)
			DisableScriptedObjects (7ms)
			BackupInstance (0ms)
			ReleaseScriptingObjects (0ms)
			CreateAndSetChildDomain (32ms)
		EndReloadAssembly (823ms)
			LoadAssemblies (77ms)
			RebuildTransferFunctionScriptingTraits (0ms)
			SetupTypeCache (266ms)
			ReleaseScriptCaches (1ms)
			RebuildScriptCaches (45ms)
			SetupLoadedEditorAssemblies (332ms)
				LogAssemblyErrors (0ms)
				InitializePlatformSupportModulesInManaged (5ms)
				SetLoadedEditorAssemblies (0ms)
				RefreshPlugins (0ms)
				BeforeProcessingInitializeOnLoad (71ms)
				ProcessInitializeOnLoadAttributes (245ms)
				ProcessInitializeOnLoadMethodAttributes (5ms)
				AfterProcessingInitializeOnLoad (5ms)
				EditorAssembliesLoaded (0ms)
			ExecutionOrderSort2 (0ms)
			AwakeInstancesAfterBackupRestoration (14ms)
Platform modules already initialized, skipping
Refreshing native plugins compatible for Editor in 0.43 ms, found 3 plugins.
Preloading 0 native plugins for Editor in 0.00 ms.
Unloading 2083 Unused Serialized files (Serialized files now loaded: 0)
System memory in use before: 92.6 MB.
System memory in use after: 92.8 MB.

Unloading 16 unused Assets to reduce memory usage. Loaded Objects now: 2534.
Total: 3.112800 ms (FindLiveObjects: 0.166400 ms CreateObjectMapping: 0.070300 ms MarkObjects: 2.857600 ms  DeleteObjects: 0.017600 ms)

AssetImportParameters requested are different than current active one (requested -> active):
  custom:framework-win-MediaFoundation: 216162199b28c13a410421893ffa2e32 -> 
  custom:video-decoder-ogg-theora: a1e56fd34408186e4bbccfd4996cb3dc -> 
  custom:container-muxer-webm: aa71ff27fc2769a1b78a27578f13a17b -> 
  custom:container-demuxer-webm: 4f35f7cbe854078d1ac9338744f61a02 -> 
  custom:container-demuxer-ogg: 62fdf1f143b41e24485cea50d1cbac27 -> 
  custom:video-encoder-webm-vp8: eb34c28f22e8b96e1ab97ce403110664 -> 
  custom:video-decoder-webm-vp8: 9c59270c3fd7afecdb556c50c9e8de78 -> 
  custom:audio-decoder-ogg-vorbis: bf7c407c2cedff20999df2af8eb42d56 -> 
  custom:audio-encoder-webm-vorbis: bf7c407c2cedff20999df2af8eb42d56 -> 
========================================================================
Received Prepare
Registering precompiled user dll's ...
Registered in 0.004036 seconds.
Begin MonoManager ReloadAssembly
Native extension for WindowsStandalone target not found
Native extension for WebGL target not found
Refreshing native plugins compatible for Editor in 0.45 ms, found 3 plugins.
Preloading 0 native plugins for Editor in 0.00 ms.
Mono: successfully reloaded assembly
- Completed reload, in  0.993 seconds
Domain Reload Profiling:
	ReloadAssembly (994ms)
		BeginReloadAssembly (108ms)
			ExecutionOrderSort (0ms)
			DisableScriptedObjects (6ms)
			BackupInstance (0ms)
			ReleaseScriptingObjects (0ms)
			CreateAndSetChildDomain (33ms)
		EndReloadAssembly (821ms)
			LoadAssemblies (76ms)
			RebuildTransferFunctionScriptingTraits (0ms)
			SetupTypeCache (265ms)
			ReleaseScriptCaches (1ms)
			RebuildScriptCaches (39ms)
			SetupLoadedEditorAssemblies (338ms)
				LogAssemblyErrors (0ms)
				InitializePlatformSupportModulesInManaged (6ms)
				SetLoadedEditorAssemblies (0ms)
				RefreshPlugins (1ms)
				BeforeProcessingInitializeOnLoad (83ms)
				ProcessInitializeOnLoadAttributes (238ms)
				ProcessInitializeOnLoadMethodAttributes (5ms)
				AfterProcessingInitializeOnLoad (5ms)
				EditorAssembliesLoaded (0ms)
			ExecutionOrderSort2 (0ms)
			AwakeInstancesAfterBackupRestoration (10ms)
Platform modules already initialized, skipping
Refreshing native plugins compatible for Editor in 0.42 ms, found 3 plugins.
Preloading 0 native plugins for Editor in 0.00 ms.
Unloading 2083 Unused Serialized files (Serialized files now loaded: 0)
System memory in use before: 92.7 MB.
System memory in use after: 92.8 MB.

Unloading 16 unused Assets to reduce memory usage. Loaded Objects now: 2537.
Total: 2.875200 ms (FindLiveObjects: 0.144300 ms CreateObjectMapping: 0.058500 ms MarkObjects: 2.657100 ms  DeleteObjects: 0.014400 ms)

AssetImportParameters requested are different than current active one (requested -> active):
  custom:framework-win-MediaFoundation: 216162199b28c13a410421893ffa2e32 -> 
  custom:video-decoder-ogg-theora: a1e56fd34408186e4bbccfd4996cb3dc -> 
  custom:container-muxer-webm: aa71ff27fc2769a1b78a27578f13a17b -> 
  custom:container-demuxer-webm: 4f35f7cbe854078d1ac9338744f61a02 -> 
  custom:container-demuxer-ogg: 62fdf1f143b41e24485cea50d1cbac27 -> 
  custom:video-encoder-webm-vp8: eb34c28f22e8b96e1ab97ce403110664 -> 
  custom:video-decoder-webm-vp8: 9c59270c3fd7afecdb556c50c9e8de78 -> 
  custom:audio-decoder-ogg-vorbis: bf7c407c2cedff20999df2af8eb42d56 -> 
  custom:audio-encoder-webm-vorbis: bf7c407c2cedff20999df2af8eb42d56 -> 
========================================================================
Received Import Request.
  Time since last request: 13.987768 seconds.
  path: Assets/Medieval_pixel_art_asset_FREE
  artifactKey: Guid(612e79e932b55a145a9195b2481e75d9) Importer(815301076,1909f56bfc062723c751e8b465ee728b)
Start importing Assets/Medieval_pixel_art_asset_FREE using Guid(612e79e932b55a145a9195b2481e75d9) Importer(815301076,1909f56bfc062723c751e8b465ee728b)  -> (artifact id: '55818c4babb34d5c3f24bc2c916ad95c') in 0.014529 seconds 
  Import took 0.018190 seconds .

========================================================================
Received Prepare
Registering precompiled user dll's ...
Registered in 0.003595 seconds.
Begin MonoManager ReloadAssembly
Native extension for WindowsStandalone target not found
Native extension for WebGL target not found
Refreshing native plugins compatible for Editor in 0.43 ms, found 3 plugins.
Preloading 0 native plugins for Editor in 0.00 ms.
Mono: successfully reloaded assembly
- Completed reload, in  1.072 seconds
Domain Reload Profiling:
	ReloadAssembly (1072ms)
		BeginReloadAssembly (122ms)
			ExecutionOrderSort (0ms)
			DisableScriptedObjects (9ms)
			BackupInstance (0ms)
			ReleaseScriptingObjects (0ms)
			CreateAndSetChildDomain (40ms)
		EndReloadAssembly (891ms)
			LoadAssemblies (87ms)
			RebuildTransferFunctionScriptingTraits (0ms)
			SetupTypeCache (322ms)
			ReleaseScriptCaches (1ms)
			RebuildScriptCaches (41ms)
			SetupLoadedEditorAssemblies (338ms)
				LogAssemblyErrors (0ms)
				InitializePlatformSupportModulesInManaged (5ms)
				SetLoadedEditorAssemblies (0ms)
				RefreshPlugins (0ms)
				BeforeProcessingInitializeOnLoad (76ms)
				ProcessInitializeOnLoadAttributes (246ms)
				ProcessInitializeOnLoadMethodAttributes (5ms)
				AfterProcessingInitializeOnLoad (5ms)
				EditorAssembliesLoaded (0ms)
			ExecutionOrderSort2 (0ms)
			AwakeInstancesAfterBackupRestoration (10ms)
Platform modules already initialized, skipping
Refreshing native plugins compatible for Editor in 0.75 ms, found 3 plugins.
Preloading 0 native plugins for Editor in 0.00 ms.
Unloading 2084 Unused Serialized files (Serialized files now loaded: 0)
System memory in use before: 92.7 MB.
System memory in use after: 92.8 MB.

Unloading 16 unused Assets to reduce memory usage. Loaded Objects now: 2541.
Total: 3.125100 ms (FindLiveObjects: 0.238600 ms CreateObjectMapping: 0.129500 ms MarkObjects: 2.700800 ms  DeleteObjects: 0.055200 ms)

AssetImportParameters requested are different than current active one (requested -> active):
  custom:framework-win-MediaFoundation: 216162199b28c13a410421893ffa2e32 -> 
  custom:video-decoder-ogg-theora: a1e56fd34408186e4bbccfd4996cb3dc -> 
  custom:container-muxer-webm: aa71ff27fc2769a1b78a27578f13a17b -> 
  custom:container-demuxer-webm: 4f35f7cbe854078d1ac9338744f61a02 -> 
  custom:container-demuxer-ogg: 62fdf1f143b41e24485cea50d1cbac27 -> 
  custom:video-encoder-webm-vp8: eb34c28f22e8b96e1ab97ce403110664 -> 
  custom:video-decoder-webm-vp8: 9c59270c3fd7afecdb556c50c9e8de78 -> 
  custom:audio-decoder-ogg-vorbis: bf7c407c2cedff20999df2af8eb42d56 -> 
  custom:audio-encoder-webm-vorbis: bf7c407c2cedff20999df2af8eb42d56 -> 
========================================================================
Received Import Request.
  Time since last request: 46.363913 seconds.
  path: Assets/Room LR.prefab
  artifactKey: Guid(b163a33463fb75b42863d52762420849) Importer(815301076,1909f56bfc062723c751e8b465ee728b)
Start importing Assets/Room LR.prefab using Guid(b163a33463fb75b42863d52762420849) Importer(815301076,1909f56bfc062723c751e8b465ee728b)  -> (artifact id: '46b5d68e3a28c5a4df75e40333fc2704') in 0.114495 seconds 
  Import took 0.118112 seconds .

========================================================================
Received Import Request.
  Time since last request: 0.000226 seconds.
  path: Assets/Room LRT.prefab
  artifactKey: Guid(6b7ab4d58aca6dd4b9204cdb927030cd) Importer(815301076,1909f56bfc062723c751e8b465ee728b)
Start importing Assets/Room LRT.prefab using Guid(6b7ab4d58aca6dd4b9204cdb927030cd) Importer(815301076,1909f56bfc062723c751e8b465ee728b)  -> (artifact id: '71a7818a58a463966a5637980fa7f5a8') in 0.017484 seconds 
  Import took 0.021364 seconds .

========================================================================
Received Import Request.
  Time since last request: 0.000336 seconds.
  path: Assets/Room LR.prefab
  artifactKey: Guid(b163a33463fb75b42863d52762420849) Importer(815301076,1909f56bfc062723c751e8b465ee728b)
Start importing Assets/Room LR.prefab using Guid(b163a33463fb75b42863d52762420849) Importer(815301076,1909f56bfc062723c751e8b465ee728b)  -> (artifact id: '46b5d68e3a28c5a4df75e40333fc2704') in 0.011692 seconds 
  Import took 0.015907 seconds .

========================================================================
Received Import Request.
  Time since last request: 0.000226 seconds.
  path: Assets/Room LRTB.prefab
  artifactKey: Guid(b6839f41fa1d32e41b2a963cdc8f0808) Importer(815301076,1909f56bfc062723c751e8b465ee728b)
Start importing Assets/Room LRTB.prefab using Guid(b6839f41fa1d32e41b2a963cdc8f0808) Importer(815301076,1909f56bfc062723c751e8b465ee728b)  -> (artifact id: '529282e81d005d12a84583873658b3fe') in 0.014709 seconds 
  Import took 0.019163 seconds .

========================================================================
Received Import Request.
  Time since last request: 0.000239 seconds.
  path: Assets/Room LRB.prefab
  artifactKey: Guid(73d3949426c24704e974e543bdb11d23) Importer(815301076,1909f56bfc062723c751e8b465ee728b)
Start importing Assets/Room LRB.prefab using Guid(73d3949426c24704e974e543bdb11d23) Importer(815301076,1909f56bfc062723c751e8b465ee728b)  -> (artifact id: 'b294aa46af91fb78ffc35e2fe9ef4a72') in 0.013481 seconds 
  Import took 0.016636 seconds .

========================================================================
Received Prepare
Registering precompiled user dll's ...
Registered in 0.003762 seconds.
Begin MonoManager ReloadAssembly
Native extension for WindowsStandalone target not found
Native extension for WebGL target not found
Refreshing native plugins compatible for Editor in 0.42 ms, found 3 plugins.
Preloading 0 native plugins for Editor in 0.00 ms.
Mono: successfully reloaded assembly
- Completed reload, in  0.970 seconds
Domain Reload Profiling:
	ReloadAssembly (971ms)
		BeginReloadAssembly (99ms)
			ExecutionOrderSort (0ms)
			DisableScriptedObjects (6ms)
			BackupInstance (0ms)
			ReleaseScriptingObjects (0ms)
			CreateAndSetChildDomain (33ms)
		EndReloadAssembly (814ms)
			LoadAssemblies (79ms)
			RebuildTransferFunctionScriptingTraits (0ms)
			SetupTypeCache (261ms)
			ReleaseScriptCaches (1ms)
			RebuildScriptCaches (41ms)
			SetupLoadedEditorAssemblies (333ms)
				LogAssemblyErrors (0ms)
				InitializePlatformSupportModulesInManaged (5ms)
				SetLoadedEditorAssemblies (0ms)
				RefreshPlugins (0ms)
				BeforeProcessingInitializeOnLoad (72ms)
				ProcessInitializeOnLoadAttributes (246ms)
				ProcessInitializeOnLoadMethodAttributes (5ms)
				AfterProcessingInitializeOnLoad (5ms)
				EditorAssembliesLoaded (0ms)
			ExecutionOrderSort2 (0ms)
			AwakeInstancesAfterBackupRestoration (10ms)
Platform modules already initialized, skipping
Refreshing native plugins compatible for Editor in 0.42 ms, found 3 plugins.
Preloading 0 native plugins for Editor in 0.00 ms.
Unloading 2084 Unused Serialized files (Serialized files now loaded: 0)
System memory in use before: 95.8 MB.
System memory in use after: 95.9 MB.

Unloading 16 unused Assets to reduce memory usage. Loaded Objects now: 2551.
Total: 3.022000 ms (FindLiveObjects: 0.172600 ms CreateObjectMapping: 0.068700 ms MarkObjects: 2.764100 ms  DeleteObjects: 0.015800 ms)

AssetImportParameters requested are different than current active one (requested -> active):
  custom:framework-win-MediaFoundation: 216162199b28c13a410421893ffa2e32 -> 
  custom:video-decoder-ogg-theora: a1e56fd34408186e4bbccfd4996cb3dc -> 
  custom:container-muxer-webm: aa71ff27fc2769a1b78a27578f13a17b -> 
  custom:container-demuxer-webm: 4f35f7cbe854078d1ac9338744f61a02 -> 
  custom:container-demuxer-ogg: 62fdf1f143b41e24485cea50d1cbac27 -> 
  custom:video-encoder-webm-vp8: eb34c28f22e8b96e1ab97ce403110664 -> 
  custom:video-decoder-webm-vp8: 9c59270c3fd7afecdb556c50c9e8de78 -> 
  custom:audio-decoder-ogg-vorbis: bf7c407c2cedff20999df2af8eb42d56 -> 
  custom:audio-encoder-webm-vorbis: bf7c407c2cedff20999df2af8eb42d56 -> 
========================================================================
Received Import Request.
  Time since last request: 12.956745 seconds.
  path: Assets/Scripts/LevelGeneration.cs
  artifactKey: Guid(1e5b62249a30d354895d271eb19874b1) Importer(815301076,1909f56bfc062723c751e8b465ee728b)
Start importing Assets/Scripts/LevelGeneration.cs using Guid(1e5b62249a30d354895d271eb19874b1) Importer(815301076,1909f56bfc062723c751e8b465ee728b)  -> (artifact id: 'c291637041622808c484447fd7d2ba7d') in 0.016355 seconds 
  Import took 0.019212 seconds .

========================================================================
Received Import Request.
  Time since last request: 0.017863 seconds.
  path: Assets/Scripts/LevelGeneration.cs
  artifactKey: Guid(1e5b62249a30d354895d271eb19874b1) Importer(815301076,1909f56bfc062723c751e8b465ee728b)
Start importing Assets/Scripts/LevelGeneration.cs using Guid(1e5b62249a30d354895d271eb19874b1) Importer(815301076,1909f56bfc062723c751e8b465ee728b)  -> (artifact id: 'c291637041622808c484447fd7d2ba7d') in 0.004615 seconds 
  Import took 0.007739 seconds .

========================================================================
Received Import Request.
  Time since last request: 29.379399 seconds.
  path: Assets/Scripts/RoomType.cs
  artifactKey: Guid(36db4f7bc390fe14892962e698ba476f) Importer(815301076,1909f56bfc062723c751e8b465ee728b)
Start importing Assets/Scripts/RoomType.cs using Guid(36db4f7bc390fe14892962e698ba476f) Importer(815301076,1909f56bfc062723c751e8b465ee728b)  -> (artifact id: '4b2adec6e7a3f1b90c8ad55e0ad7e757') in 0.010112 seconds 
  Import took 0.013269 seconds .

========================================================================
Received Import Request.
  Time since last request: 59.209109 seconds.
  path: Assets/Scripts/RoomType.cs
  artifactKey: Guid(36db4f7bc390fe14892962e698ba476f) Importer(815301076,1909f56bfc062723c751e8b465ee728b)
Start importing Assets/Scripts/RoomType.cs using Guid(36db4f7bc390fe14892962e698ba476f) Importer(815301076,1909f56bfc062723c751e8b465ee728b)  -> (artifact id: 'ab34d870bd987c953005f0c9aa0c6cea') in 0.002736 seconds 
  Import took 0.006021 seconds .

========================================================================
Received Import Request.
  Time since last request: 0.001359 seconds.
  path: Assets/Scripts/RoomType.cs
  artifactKey: Guid(36db4f7bc390fe14892962e698ba476f) Importer(815301076,1909f56bfc062723c751e8b465ee728b)
Start importing Assets/Scripts/RoomType.cs using Guid(36db4f7bc390fe14892962e698ba476f) Importer(815301076,1909f56bfc062723c751e8b465ee728b)  -> (artifact id: 'ab34d870bd987c953005f0c9aa0c6cea') in 0.002779 seconds 
  Import took 0.005915 seconds .

========================================================================
Received Prepare
Registering precompiled user dll's ...
Registered in 0.003822 seconds.
Begin MonoManager ReloadAssembly
Native extension for WindowsStandalone target not found
Native extension for WebGL target not found
Refreshing native plugins compatible for Editor in 0.42 ms, found 3 plugins.
Preloading 0 native plugins for Editor in 0.00 ms.
Mono: successfully reloaded assembly
- Completed reload, in  0.988 seconds
Domain Reload Profiling:
	ReloadAssembly (989ms)
		BeginReloadAssembly (100ms)
			ExecutionOrderSort (0ms)
			DisableScriptedObjects (6ms)
			BackupInstance (0ms)
			ReleaseScriptingObjects (0ms)
			CreateAndSetChildDomain (31ms)
		EndReloadAssembly (831ms)
			LoadAssemblies (83ms)
			RebuildTransferFunctionScriptingTraits (0ms)
			SetupTypeCache (264ms)
			ReleaseScriptCaches (1ms)
			RebuildScriptCaches (39ms)
			SetupLoadedEditorAssemblies (347ms)
				LogAssemblyErrors (0ms)
				InitializePlatformSupportModulesInManaged (5ms)
				SetLoadedEditorAssemblies (0ms)
				RefreshPlugins (0ms)
				BeforeProcessingInitializeOnLoad (76ms)
				ProcessInitializeOnLoadAttributes (255ms)
				ProcessInitializeOnLoadMethodAttributes (5ms)
				AfterProcessingInitializeOnLoad (5ms)
				EditorAssembliesLoaded (0ms)
			ExecutionOrderSort2 (0ms)
			AwakeInstancesAfterBackupRestoration (10ms)
Platform modules already initialized, skipping
Refreshing native plugins compatible for Editor in 0.43 ms, found 3 plugins.
Preloading 0 native plugins for Editor in 0.00 ms.
Unloading 2084 Unused Serialized files (Serialized files now loaded: 0)
System memory in use before: 95.8 MB.
System memory in use after: 95.9 MB.

Unloading 16 unused Assets to reduce memory usage. Loaded Objects now: 2554.
Total: 3.174000 ms (FindLiveObjects: 0.180400 ms CreateObjectMapping: 0.061400 ms MarkObjects: 2.915800 ms  DeleteObjects: 0.015200 ms)

AssetImportParameters requested are different than current active one (requested -> active):
  custom:framework-win-MediaFoundation: 216162199b28c13a410421893ffa2e32 -> 
  custom:video-decoder-ogg-theora: a1e56fd34408186e4bbccfd4996cb3dc -> 
  custom:container-muxer-webm: aa71ff27fc2769a1b78a27578f13a17b -> 
  custom:container-demuxer-webm: 4f35f7cbe854078d1ac9338744f61a02 -> 
  custom:container-demuxer-ogg: 62fdf1f143b41e24485cea50d1cbac27 -> 
  custom:video-encoder-webm-vp8: eb34c28f22e8b96e1ab97ce403110664 -> 
  custom:video-decoder-webm-vp8: 9c59270c3fd7afecdb556c50c9e8de78 -> 
  custom:audio-decoder-ogg-vorbis: bf7c407c2cedff20999df2af8eb42d56 -> 
  custom:audio-encoder-webm-vorbis: bf7c407c2cedff20999df2af8eb42d56 -> 
========================================================================
Received Import Request.
  Time since last request: 5.099360 seconds.
  path: Assets/Room LR.prefab
  artifactKey: Guid(b163a33463fb75b42863d52762420849) Importer(815301076,1909f56bfc062723c751e8b465ee728b)
Start importing Assets/Room LR.prefab using Guid(b163a33463fb75b42863d52762420849) Importer(815301076,1909f56bfc062723c751e8b465ee728b)  -> (artifact id: '0f9abdffab7b72ca13752b7b2dd7761a') in 0.049569 seconds 
  Import took 0.053031 seconds .

========================================================================
Received Import Request.
  Time since last request: 0.000252 seconds.
  path: Assets/Room LRT.prefab
  artifactKey: Guid(6b7ab4d58aca6dd4b9204cdb927030cd) Importer(815301076,1909f56bfc062723c751e8b465ee728b)
Start importing Assets/Room LRT.prefab using Guid(6b7ab4d58aca6dd4b9204cdb927030cd) Importer(815301076,1909f56bfc062723c751e8b465ee728b)  -> (artifact id: '71298ec6c9338aecb9439b308bbb0723') in 0.015696 seconds 
  Import took 0.018891 seconds .

========================================================================
Received Import Request.
  Time since last request: 0.000299 seconds.
  path: Assets/Room LRTB.prefab
  artifactKey: Guid(b6839f41fa1d32e41b2a963cdc8f0808) Importer(815301076,1909f56bfc062723c751e8b465ee728b)
Start importing Assets/Room LRTB.prefab using Guid(b6839f41fa1d32e41b2a963cdc8f0808) Importer(815301076,1909f56bfc062723c751e8b465ee728b)  -> (artifact id: 'fc493b49c30b6baac71aae1b98e3dc4f') in 0.016779 seconds 
  Import took 0.020044 seconds .

========================================================================
Received Import Request.
  Time since last request: 0.000317 seconds.
  path: Assets/Room LRB.prefab
  artifactKey: Guid(73d3949426c24704e974e543bdb11d23) Importer(815301076,1909f56bfc062723c751e8b465ee728b)
Start importing Assets/Room LRB.prefab using Guid(73d3949426c24704e974e543bdb11d23) Importer(815301076,1909f56bfc062723c751e8b465ee728b)  -> (artifact id: 'd0b1dedbef0223e9bd7eba011ef2ae80') in 0.013957 seconds 
  Import took 0.017396 seconds .

========================================================================
Received Import Request.
  Time since last request: 11.905732 seconds.
  path: Assets/Room LRB.prefab
  artifactKey: Guid(73d3949426c24704e974e543bdb11d23) Importer(815301076,1909f56bfc062723c751e8b465ee728b)
Start importing Assets/Room LRB.prefab using Guid(73d3949426c24704e974e543bdb11d23) Importer(815301076,1909f56bfc062723c751e8b465ee728b)  -> (artifact id: '99ab5239b23868b97cac5f07a795cb98') in 0.013267 seconds 
  Import took 0.016833 seconds .

========================================================================
Received Import Request.
  Time since last request: 9.453108 seconds.
  path: Assets/Room LRT.prefab
  artifactKey: Guid(6b7ab4d58aca6dd4b9204cdb927030cd) Importer(815301076,1909f56bfc062723c751e8b465ee728b)
Start importing Assets/Room LRT.prefab using Guid(6b7ab4d58aca6dd4b9204cdb927030cd) Importer(815301076,1909f56bfc062723c751e8b465ee728b)  -> (artifact id: '0b7e3a82955fb0c0b34f462406358094') in 0.010922 seconds 
  Import took 0.014162 seconds .

========================================================================
Received Import Request.
  Time since last request: 1.832469 seconds.
  path: Assets/Room LRTB.prefab
  artifactKey: Guid(b6839f41fa1d32e41b2a963cdc8f0808) Importer(815301076,1909f56bfc062723c751e8b465ee728b)
Start importing Assets/Room LRTB.prefab using Guid(b6839f41fa1d32e41b2a963cdc8f0808) Importer(815301076,1909f56bfc062723c751e8b465ee728b)  -> (artifact id: 'a1936b158b69f14799fc139ef3a9063b') in 0.011539 seconds 
  Import took 0.014670 seconds .

========================================================================
Received Prepare
Registering precompiled user dll's ...
Registered in 0.003922 seconds.
Begin MonoManager ReloadAssembly
Native extension for WindowsStandalone target not found
Native extension for WebGL target not found
Refreshing native plugins compatible for Editor in 0.45 ms, found 3 plugins.
Preloading 0 native plugins for Editor in 0.00 ms.
Mono: successfully reloaded assembly
- Completed reload, in  0.982 seconds
Domain Reload Profiling:
	ReloadAssembly (982ms)
		BeginReloadAssembly (111ms)
			ExecutionOrderSort (0ms)
			DisableScriptedObjects (5ms)
			BackupInstance (0ms)
			ReleaseScriptingObjects (0ms)
			CreateAndSetChildDomain (33ms)
		EndReloadAssembly (815ms)
			LoadAssemblies (80ms)
			RebuildTransferFunctionScriptingTraits (0ms)
			SetupTypeCache (260ms)
			ReleaseScriptCaches (1ms)
			RebuildScriptCaches (39ms)
			SetupLoadedEditorAssemblies (335ms)
				LogAssemblyErrors (0ms)
				InitializePlatformSupportModulesInManaged (5ms)
				SetLoadedEditorAssemblies (0ms)
				RefreshPlugins (1ms)
				BeforeProcessingInitializeOnLoad (70ms)
				ProcessInitializeOnLoadAttributes (249ms)
				ProcessInitializeOnLoadMethodAttributes (5ms)
				AfterProcessingInitializeOnLoad (6ms)
				EditorAssembliesLoaded (0ms)
			ExecutionOrderSort2 (0ms)
			AwakeInstancesAfterBackupRestoration (12ms)
Platform modules already initialized, skipping
Refreshing native plugins compatible for Editor in 0.41 ms, found 3 plugins.
Preloading 0 native plugins for Editor in 0.00 ms.
Unloading 2084 Unused Serialized files (Serialized files now loaded: 0)
System memory in use before: 95.8 MB.
System memory in use after: 95.9 MB.

Unloading 16 unused Assets to reduce memory usage. Loaded Objects now: 2558.
Total: 2.993200 ms (FindLiveObjects: 0.181500 ms CreateObjectMapping: 0.061900 ms MarkObjects: 2.733100 ms  DeleteObjects: 0.016000 ms)

AssetImportParameters requested are different than current active one (requested -> active):
  custom:framework-win-MediaFoundation: 216162199b28c13a410421893ffa2e32 -> 
  custom:video-decoder-ogg-theora: a1e56fd34408186e4bbccfd4996cb3dc -> 
  custom:container-muxer-webm: aa71ff27fc2769a1b78a27578f13a17b -> 
  custom:container-demuxer-webm: 4f35f7cbe854078d1ac9338744f61a02 -> 
  custom:container-demuxer-ogg: 62fdf1f143b41e24485cea50d1cbac27 -> 
  custom:video-encoder-webm-vp8: eb34c28f22e8b96e1ab97ce403110664 -> 
  custom:video-decoder-webm-vp8: 9c59270c3fd7afecdb556c50c9e8de78 -> 
  custom:audio-decoder-ogg-vorbis: bf7c407c2cedff20999df2af8eb42d56 -> 
  custom:audio-encoder-webm-vorbis: bf7c407c2cedff20999df2af8eb42d56 -> 
========================================================================
Received Prepare
Registering precompiled user dll's ...
Registered in 0.003691 seconds.
Begin MonoManager ReloadAssembly
Native extension for WindowsStandalone target not found
Native extension for WebGL target not found
Refreshing native plugins compatible for Editor in 0.43 ms, found 3 plugins.
Preloading 0 native plugins for Editor in 0.00 ms.
Mono: successfully reloaded assembly
- Completed reload, in  0.968 seconds
Domain Reload Profiling:
	ReloadAssembly (969ms)
		BeginReloadAssembly (100ms)
			ExecutionOrderSort (0ms)
			DisableScriptedObjects (6ms)
			BackupInstance (0ms)
			ReleaseScriptingObjects (0ms)
			CreateAndSetChildDomain (32ms)
		EndReloadAssembly (813ms)
			LoadAssemblies (79ms)
			RebuildTransferFunctionScriptingTraits (0ms)
			SetupTypeCache (254ms)
			ReleaseScriptCaches (1ms)
			RebuildScriptCaches (40ms)
			SetupLoadedEditorAssemblies (341ms)
				LogAssemblyErrors (0ms)
				InitializePlatformSupportModulesInManaged (5ms)
				SetLoadedEditorAssemblies (0ms)
				RefreshPlugins (0ms)
				BeforeProcessingInitializeOnLoad (73ms)
				ProcessInitializeOnLoadAttributes (252ms)
				ProcessInitializeOnLoadMethodAttributes (5ms)
				AfterProcessingInitializeOnLoad (5ms)
				EditorAssembliesLoaded (0ms)
			ExecutionOrderSort2 (0ms)
			AwakeInstancesAfterBackupRestoration (10ms)
Platform modules already initialized, skipping
Refreshing native plugins compatible for Editor in 0.43 ms, found 3 plugins.
Preloading 0 native plugins for Editor in 0.00 ms.
Unloading 2084 Unused Serialized files (Serialized files now loaded: 0)
System memory in use before: 95.8 MB.
System memory in use after: 95.9 MB.

Unloading 16 unused Assets to reduce memory usage. Loaded Objects now: 2561.
Total: 3.073100 ms (FindLiveObjects: 0.183600 ms CreateObjectMapping: 0.066600 ms MarkObjects: 2.803800 ms  DeleteObjects: 0.018100 ms)

AssetImportParameters requested are different than current active one (requested -> active):
  custom:framework-win-MediaFoundation: 216162199b28c13a410421893ffa2e32 -> 
  custom:video-decoder-ogg-theora: a1e56fd34408186e4bbccfd4996cb3dc -> 
  custom:container-muxer-webm: aa71ff27fc2769a1b78a27578f13a17b -> 
  custom:container-demuxer-webm: 4f35f7cbe854078d1ac9338744f61a02 -> 
  custom:container-demuxer-ogg: 62fdf1f143b41e24485cea50d1cbac27 -> 
  custom:video-encoder-webm-vp8: eb34c28f22e8b96e1ab97ce403110664 -> 
  custom:video-decoder-webm-vp8: 9c59270c3fd7afecdb556c50c9e8de78 -> 
  custom:audio-decoder-ogg-vorbis: bf7c407c2cedff20999df2af8eb42d56 -> 
  custom:audio-encoder-webm-vorbis: bf7c407c2cedff20999df2af8eb42d56 -> 
========================================================================
Received Import Request.
  Time since last request: 260.667491 seconds.
  path: Assets/Room LR.prefab
  artifactKey: Guid(b163a33463fb75b42863d52762420849) Importer(815301076,1909f56bfc062723c751e8b465ee728b)
Start importing Assets/Room LR.prefab using Guid(b163a33463fb75b42863d52762420849) Importer(815301076,1909f56bfc062723c751e8b465ee728b)  -> (artifact id: '1796fde8d79653f3a4ec28b01d95a698') in 0.068629 seconds 
  Import took 0.072097 seconds .

========================================================================
Received Import Request.
  Time since last request: 0.000284 seconds.
  path: Assets/Room LRB.prefab
  artifactKey: Guid(73d3949426c24704e974e543bdb11d23) Importer(815301076,1909f56bfc062723c751e8b465ee728b)
Start importing Assets/Room LRB.prefab using Guid(73d3949426c24704e974e543bdb11d23) Importer(815301076,1909f56bfc062723c751e8b465ee728b)  -> (artifact id: '9615b5f913b4169c224b71803c834d60') in 0.010763 seconds 
  Import took 0.014937 seconds .

========================================================================
Received Import Request.
  Time since last request: 0.000219 seconds.
  path: Assets/Room LRT.prefab
  artifactKey: Guid(6b7ab4d58aca6dd4b9204cdb927030cd) Importer(815301076,1909f56bfc062723c751e8b465ee728b)
Start importing Assets/Room LRT.prefab using Guid(6b7ab4d58aca6dd4b9204cdb927030cd) Importer(815301076,1909f56bfc062723c751e8b465ee728b)  -> (artifact id: '9bb33e9a909f24255557cbc464aa8021') in 0.012416 seconds 
  Import took 0.015843 seconds .

========================================================================
Received Import Request.
  Time since last request: 0.000237 seconds.
  path: Assets/Room LRTB.prefab
  artifactKey: Guid(b6839f41fa1d32e41b2a963cdc8f0808) Importer(815301076,1909f56bfc062723c751e8b465ee728b)
Start importing Assets/Room LRTB.prefab using Guid(b6839f41fa1d32e41b2a963cdc8f0808) Importer(815301076,1909f56bfc062723c751e8b465ee728b)  -> (artifact id: '9ebc47556541f691c84d4db5ea7cef69') in 0.009576 seconds 
  Import took 0.012819 seconds .

========================================================================
Received Import Request.
  Time since last request: 21.853261 seconds.
  path: ProjectSettings/TagManager.asset
  artifactKey: Guid(00000000000000003000000000000000) Importer(815301076,1909f56bfc062723c751e8b465ee728b)
Start importing ProjectSettings/TagManager.asset using Guid(00000000000000003000000000000000) Importer(815301076,1909f56bfc062723c751e8b465ee728b)  -> (artifact id: '95df672b4aaba54310d34c83eef51bb8') in 0.013261 seconds 
  Import took 0.017019 seconds .

========================================================================
Received Import Request.
  Time since last request: 0.012417 seconds.
  path: ProjectSettings/TagManager.asset
  artifactKey: Guid(00000000000000003000000000000000) Importer(815301076,1909f56bfc062723c751e8b465ee728b)
Start importing ProjectSettings/TagManager.asset using Guid(00000000000000003000000000000000) Importer(815301076,1909f56bfc062723c751e8b465ee728b)  -> (artifact id: '95df672b4aaba54310d34c83eef51bb8') in 0.004346 seconds 
  Import took 0.008007 seconds .

========================================================================
Received Import Request.
  Time since last request: 18.697354 seconds.
  path: Assets/Room LR.prefab
  artifactKey: Guid(b163a33463fb75b42863d52762420849) Importer(815301076,1909f56bfc062723c751e8b465ee728b)
Start importing Assets/Room LR.prefab using Guid(b163a33463fb75b42863d52762420849) Importer(815301076,1909f56bfc062723c751e8b465ee728b)  -> (artifact id: '63eb240d14ee41ecae9ddb0553a008d1') in 0.011085 seconds 
  Import took 0.014441 seconds .

========================================================================
Received Import Request.
  Time since last request: 0.000302 seconds.
  path: Assets/Room LRT.prefab
  artifactKey: Guid(6b7ab4d58aca6dd4b9204cdb927030cd) Importer(815301076,1909f56bfc062723c751e8b465ee728b)
Start importing Assets/Room LRT.prefab using Guid(6b7ab4d58aca6dd4b9204cdb927030cd) Importer(815301076,1909f56bfc062723c751e8b465ee728b)  -> (artifact id: '24fdd449002669cb095f776e30afeab1') in 0.018490 seconds 
  Import took 0.021451 seconds .

========================================================================
Received Import Request.
  Time since last request: 0.000247 seconds.
  path: Assets/Room LR.prefab
  artifactKey: Guid(b163a33463fb75b42863d52762420849) Importer(815301076,1909f56bfc062723c751e8b465ee728b)
Start importing Assets/Room LR.prefab using Guid(b163a33463fb75b42863d52762420849) Importer(815301076,1909f56bfc062723c751e8b465ee728b)  -> (artifact id: '63eb240d14ee41ecae9ddb0553a008d1') in 0.013478 seconds 
  Import took 0.016945 seconds .

========================================================================
Received Import Request.
  Time since last request: 0.000239 seconds.
  path: Assets/Room LRTB.prefab
  artifactKey: Guid(b6839f41fa1d32e41b2a963cdc8f0808) Importer(815301076,1909f56bfc062723c751e8b465ee728b)
Start importing Assets/Room LRTB.prefab using Guid(b6839f41fa1d32e41b2a963cdc8f0808) Importer(815301076,1909f56bfc062723c751e8b465ee728b)  -> (artifact id: 'b3498a1204da926787fb0622582c3cef') in 0.011628 seconds 
  Import took 0.014551 seconds .

========================================================================
Received Import Request.
  Time since last request: 0.000271 seconds.
  path: Assets/Room LRB.prefab
  artifactKey: Guid(73d3949426c24704e974e543bdb11d23) Importer(815301076,1909f56bfc062723c751e8b465ee728b)
Start importing Assets/Room LRB.prefab using Guid(73d3949426c24704e974e543bdb11d23) Importer(815301076,1909f56bfc062723c751e8b465ee728b)  -> (artifact id: '626cdea9efcab6779f8a08dbb06f16d2') in 0.014650 seconds 
  Import took 0.018846 seconds .

========================================================================
Received Prepare
Registering precompiled user dll's ...
Registered in 0.003652 seconds.
Begin MonoManager ReloadAssembly
Native extension for WindowsStandalone target not found
Native extension for WebGL target not found
Refreshing native plugins compatible for Editor in 0.42 ms, found 3 plugins.
Preloading 0 native plugins for Editor in 0.00 ms.
Mono: successfully reloaded assembly
- Completed reload, in  1.003 seconds
Domain Reload Profiling:
	ReloadAssembly (1003ms)
		BeginReloadAssembly (117ms)
			ExecutionOrderSort (0ms)
			DisableScriptedObjects (6ms)
			BackupInstance (0ms)
			ReleaseScriptingObjects (0ms)
			CreateAndSetChildDomain (36ms)
		EndReloadAssembly (830ms)
			LoadAssemblies (82ms)
			RebuildTransferFunctionScriptingTraits (0ms)
			SetupTypeCache (253ms)
			ReleaseScriptCaches (1ms)
			RebuildScriptCaches (38ms)
			SetupLoadedEditorAssemblies (365ms)
				LogAssemblyErrors (0ms)
				InitializePlatformSupportModulesInManaged (5ms)
				SetLoadedEditorAssemblies (0ms)
				RefreshPlugins (0ms)
				BeforeProcessingInitializeOnLoad (75ms)
				ProcessInitializeOnLoadAttributes (275ms)
				ProcessInitializeOnLoadMethodAttributes (5ms)
				AfterProcessingInitializeOnLoad (5ms)
				EditorAssembliesLoaded (0ms)
			ExecutionOrderSort2 (0ms)
			AwakeInstancesAfterBackupRestoration (10ms)
Platform modules already initialized, skipping
Refreshing native plugins compatible for Editor in 0.41 ms, found 3 plugins.
Preloading 0 native plugins for Editor in 0.00 ms.
Unloading 2084 Unused Serialized files (Serialized files now loaded: 0)
System memory in use before: 95.9 MB.
System memory in use after: 96.0 MB.

Unloading 18 unused Assets to reduce memory usage. Loaded Objects now: 2565.
Total: 2.978400 ms (FindLiveObjects: 0.173600 ms CreateObjectMapping: 0.057000 ms MarkObjects: 2.729000 ms  DeleteObjects: 0.018200 ms)

AssetImportParameters requested are different than current active one (requested -> active):
  custom:framework-win-MediaFoundation: 216162199b28c13a410421893ffa2e32 -> 
  custom:video-decoder-ogg-theora: a1e56fd34408186e4bbccfd4996cb3dc -> 
  custom:container-muxer-webm: aa71ff27fc2769a1b78a27578f13a17b -> 
  custom:container-demuxer-webm: 4f35f7cbe854078d1ac9338744f61a02 -> 
  custom:container-demuxer-ogg: 62fdf1f143b41e24485cea50d1cbac27 -> 
  custom:video-encoder-webm-vp8: eb34c28f22e8b96e1ab97ce403110664 -> 
  custom:video-decoder-webm-vp8: 9c59270c3fd7afecdb556c50c9e8de78 -> 
  custom:audio-decoder-ogg-vorbis: bf7c407c2cedff20999df2af8eb42d56 -> 
  custom:audio-encoder-webm-vorbis: bf7c407c2cedff20999df2af8eb42d56 -> 
AssetImportWorkerClient::OnTransportError - code=2 error=End of file
